0 info it worked if it ends with ok
1 verbose cli [ '/usr/bin/nodejs', '/usr/bin/npm', 'test' ]
2 info using npm@2.14.20
3 info using node@v4.4.1
4 verbose stack Error: Failed to parse json
4 verbose stack Unexpected token '/' at 29:69
4 verbose stack     "test": "./node_modules/.bin/mocha -t 10000000 --reporter spec",//"concurre
4 verbose stack                                                                     ^
4 verbose stack     at parseError (/usr/lib/node_modules/npm/node_modules/read-package-json/read-json.js:379:11)
4 verbose stack     at parseJson (/usr/lib/node_modules/npm/node_modules/read-package-json/read-json.js:68:23)
4 verbose stack     at /usr/lib/node_modules/npm/node_modules/read-package-json/read-json.js:48:5
4 verbose stack     at /usr/lib/node_modules/npm/node_modules/graceful-fs/graceful-fs.js:78:16
4 verbose stack     at FSReqWrap.readFileAfterClose [as oncomplete] (fs.js:380:3)
5 verbose cwd /home/ubuntu/jwt
6 error Linux 3.13.0-74-generic
7 error argv "/usr/bin/nodejs" "/usr/bin/npm" "test"
8 error node v4.4.1
9 error npm  v2.14.20
10 error file /home/ubuntu/jwt/package.json
11 error code EJSONPARSE
12 error Failed to parse json
12 error Unexpected token '/' at 29:69
12 error     "test": "./node_modules/.bin/mocha -t 10000000 --reporter spec",//"concurre
12 error                                                                     ^
13 error File: /home/ubuntu/jwt/package.json
14 error Failed to parse package.json data.
14 error package.json must be actual JSON, not just JavaScript.
14 error
14 error This is not a bug in npm.
14 error Tell the package author to fix their package.json file. JSON.parse
15 verbose exit [ 1, true ]
